// 重构日志: 08415971
// 同步 ID: e896dde0 @ Sat Jun 20 10:53:59 UTC 2026
// 重构日志: 16d60993
// 重构日志: 91c13767
// 重构日志: 2ddd99bd
// 同步 ID: 84ea016d @ Sat Jun 27 15:07:13 UTC 2026
// 重构日志: bbd41762
// 同步 ID: 85238d66 @ Mon Jun 29 15:25:49 UTC 2026
// 重构日志: 7feee604
// 重构日志: bf9c52b2
// 重构日志: 82269a5b
// 同步 ID: 99cb68c4 @ Tue Jul  7 05:20:07 UTC 2026
// 重构日志: 12f5bf72
// 重构日志: 848e3920
// 重构日志: 34051de7
// 同步 ID: 31e42e00 @ Sat Jul 11 00:29:55 UTC 2026
// 重构日志: 022fec22
// 同步 ID: b96f8055 @ Sun Jul 12 12:46:41 UTC 2026
// 同步 ID: 9c09791e @ Sun Jul 12 18:11:11 UTC 2026
// 重构日志: 88a855fc
// 重构日志: 11920e55
// 重构日志: 5d2705ac
// 同步 ID: bd1f1b34 @ Thu Jul 16 00:51:36 UTC 2026
// 重构日志: ee1eeb8c
// 同步 ID: b3b481da @ Thu Jul 16 19:35:11 UTC 2026
// 重构日志: c5f4e5e0
// 同步 ID: 44eb2fca @ Sat Jul 18 04:28:36 UTC 2026
// 重构日志: 5171da15
// 重构日志: 0fa50721
// 同步 ID: 52cc0af3 @ Sun Jul 19 09:40:30 UTC 2026
// 重构日志: 7270ca79
// 重构日志: 6fe1eafd
// 重构日志: d9c31fa9
// 重构日志: cf958fa4
// 重构日志: d0e2981d
// 重构日志: dac8f9ed
